#! /c/Source/iverilog-install/bin/vvp
:ivl_version "12.0 (devel)" "(s20150603-1539-g2693dd32b)";
:ivl_delay_selection "TYPICAL";
:vpi_time_precision - 9;
:vpi_module "C:\iverilog\lib\ivl\system.vpi";
:vpi_module "C:\iverilog\lib\ivl\vhdl_sys.vpi";
:vpi_module "C:\iverilog\lib\ivl\vhdl_textio.vpi";
:vpi_module "C:\iverilog\lib\ivl\v2005_math.vpi";
:vpi_module "C:\iverilog\lib\ivl\va_math.vpi";
S_000001f55c8043d0 .scope module, "rest4b_tb" "rest4b_tb" 2 4;
 .timescale -9 -9;
v000001f55c869a60_0 .net "co_tb", 0 0, L_000001f55c86b680;  1 drivers
v000001f55c869ec0_0 .var "sel_tb", 0 0;
v000001f55c869e20_0 .var "xi_tb", 3 0;
v000001f55c869b00_0 .var "yi_tb", 3 0;
v000001f55c8682a0_0 .net "zi_tb", 3 0, L_000001f55c86b400;  1 drivers
S_000001f55c98bd70 .scope begin, "TEST_CASE" "TEST_CASE" 2 33, 2 33 0, S_000001f55c8043d0;
 .timescale -9 -9;
S_000001f55c806780 .scope module, "uut" "rest4b" 2 13, 3 3 0, S_000001f55c8043d0;
 .timescale 0 0;
    .port_info 0 /INPUT 4 "A";
    .port_info 1 /INPUT 4 "B";
    .port_info 2 /INPUT 1 "sel";
    .port_info 3 /OUTPUT 1 "Cout";
    .port_info 4 /OUTPUT 4 "Rest";
L_000001f55c80e610 .functor XOR 1, L_000001f55c8692e0, v000001f55c869ec0_0, C4<0>, C4<0>;
L_000001f55c80e6f0 .functor XOR 1, L_000001f55c868340, v000001f55c869ec0_0, C4<0>, C4<0>;
L_000001f55c86afb0 .functor XOR 1, L_000001f55c868b60, v000001f55c869ec0_0, C4<0>, C4<0>;
L_000001f55c86a290 .functor XOR 1, L_000001f55c868700, v000001f55c869ec0_0, C4<0>, C4<0>;
v000001f55c8685c0_0 .net "A", 3 0, v000001f55c869e20_0;  1 drivers
v000001f55c868200_0 .net "B", 3 0, v000001f55c869b00_0;  1 drivers
v000001f55c869240_0 .net "Cout", 0 0, L_000001f55c86b680;  alias, 1 drivers
v000001f55c869060_0 .net "Rest", 3 0, L_000001f55c86b400;  alias, 1 drivers
v000001f55c8697e0_0 .net *"_ivl_1", 0 0, L_000001f55c8692e0;  1 drivers
v000001f55c868ca0_0 .net *"_ivl_13", 0 0, L_000001f55c868700;  1 drivers
v000001f55c869880_0 .net *"_ivl_5", 0 0, L_000001f55c868340;  1 drivers
v000001f55c8699c0_0 .net *"_ivl_9", 0 0, L_000001f55c868b60;  1 drivers
v000001f55c868520_0 .net "b0", 0 0, L_000001f55c80e610;  1 drivers
v000001f55c868ac0_0 .net "b1", 0 0, L_000001f55c80e6f0;  1 drivers
v000001f55c8687a0_0 .net "b2", 0 0, L_000001f55c86afb0;  1 drivers
v000001f55c869100_0 .net "b3", 0 0, L_000001f55c86a290;  1 drivers
v000001f55c868de0_0 .net "sel", 0 0, v000001f55c869ec0_0;  1 drivers
L_000001f55c8692e0 .part v000001f55c869b00_0, 0, 1;
L_000001f55c868340 .part v000001f55c869b00_0, 1, 1;
L_000001f55c868b60 .part v000001f55c869b00_0, 2, 1;
L_000001f55c868700 .part v000001f55c869b00_0, 3, 1;
L_000001f55c86cbc0 .concat [ 1 1 1 1], L_000001f55c80e610, L_000001f55c80e6f0, L_000001f55c86afb0, L_000001f55c86a290;
S_000001f55c806910 .scope module, "s0" "sum4b" 3 22, 4 3 0, S_000001f55c806780;
 .timescale 0 0;
    .port_info 0 /INPUT 4 "A";
    .port_info 1 /INPUT 4 "B";
    .port_info 2 /INPUT 1 "Ci";
    .port_info 3 /OUTPUT 1 "Cout";
    .port_info 4 /OUTPUT 4 "Sum";
v000001f55c868660_0 .net "A", 3 0, v000001f55c869e20_0;  alias, 1 drivers
v000001f55c868480_0 .net "B", 3 0, L_000001f55c86cbc0;  1 drivers
v000001f55c868d40_0 .net "Ci", 0 0, v000001f55c869ec0_0;  alias, 1 drivers
v000001f55c869c40_0 .net "Cout", 0 0, L_000001f55c86b680;  alias, 1 drivers
v000001f55c8691a0_0 .net "Sum", 3 0, L_000001f55c86b400;  alias, 1 drivers
v000001f55c868840_0 .net "c1", 0 0, L_000001f55c869920;  1 drivers
v000001f55c8696a0_0 .net "c2", 0 0, L_000001f55c8683e0;  1 drivers
v000001f55c869740_0 .net "c3", 0 0, L_000001f55c86ba40;  1 drivers
L_000001f55c868c00 .part v000001f55c869e20_0, 0, 1;
L_000001f55c869380 .part L_000001f55c86cbc0, 0, 1;
L_000001f55c8694c0 .part v000001f55c869e20_0, 1, 1;
L_000001f55c8688e0 .part L_000001f55c86cbc0, 1, 1;
L_000001f55c86b720 .part v000001f55c869e20_0, 2, 1;
L_000001f55c86bd60 .part L_000001f55c86cbc0, 2, 1;
L_000001f55c86b0e0 .part v000001f55c869e20_0, 3, 1;
L_000001f55c86b5e0 .part L_000001f55c86cbc0, 3, 1;
L_000001f55c86b400 .concat8 [ 1 1 1 1], L_000001f55c868f20, L_000001f55c869420, L_000001f55c868980, L_000001f55c86c940;
S_000001f55c7d29c0 .scope module, "s0" "sum1b" 4 15, 5 1 0, S_000001f55c806910;
 .timescale 0 0;
    .port_info 0 /INPUT 1 "A";
    .port_info 1 /INPUT 1 "B";
    .port_info 2 /INPUT 1 "Ci";
    .port_info 3 /OUTPUT 1 "Cout";
    .port_info 4 /OUTPUT 1 "Sum";
v000001f55c801200_0 .net "A", 0 0, L_000001f55c868c00;  1 drivers
v000001f55c801660_0 .net "B", 0 0, L_000001f55c869380;  1 drivers
v000001f55c800d00_0 .net "Ci", 0 0, v000001f55c869ec0_0;  alias, 1 drivers
v000001f55c800da0_0 .net "Cout", 0 0, L_000001f55c869920;  alias, 1 drivers
v000001f55c801700_0 .net "Sum", 0 0, L_000001f55c868f20;  1 drivers
v000001f55c8012a0_0 .var "result", 1 0;
E_000001f55c8116b0 .event anyedge, v000001f55c801200_0, v000001f55c801660_0, v000001f55c800d00_0;
L_000001f55c868f20 .part v000001f55c8012a0_0, 0, 1;
L_000001f55c869920 .part v000001f55c8012a0_0, 1, 1;
S_000001f55c7d2b50 .scope module, "s1" "sum1b" 4 16, 5 1 0, S_000001f55c806910;
 .timescale 0 0;
    .port_info 0 /INPUT 1 "A";
    .port_info 1 /INPUT 1 "B";
    .port_info 2 /INPUT 1 "Ci";
    .port_info 3 /OUTPUT 1 "Cout";
    .port_info 4 /OUTPUT 1 "Sum";
v000001f55c800bc0_0 .net "A", 0 0, L_000001f55c8694c0;  1 drivers
v000001f55c8017a0_0 .net "B", 0 0, L_000001f55c8688e0;  1 drivers
v000001f55c801840_0 .net "Ci", 0 0, L_000001f55c869920;  alias, 1 drivers
v000001f55c800ee0_0 .net "Cout", 0 0, L_000001f55c8683e0;  alias, 1 drivers
v000001f55c800f80_0 .net "Sum", 0 0, L_000001f55c869420;  1 drivers
v000001f55c8010c0_0 .var "result", 1 0;
E_000001f55c8119f0 .event anyedge, v000001f55c800bc0_0, v000001f55c8017a0_0, v000001f55c800da0_0;
L_000001f55c869420 .part v000001f55c8010c0_0, 0, 1;
L_000001f55c8683e0 .part v000001f55c8010c0_0, 1, 1;
S_000001f55c8087f0 .scope module, "s2" "sum1b" 4 17, 5 1 0, S_000001f55c806910;
 .timescale 0 0;
    .port_info 0 /INPUT 1 "A";
    .port_info 1 /INPUT 1 "B";
    .port_info 2 /INPUT 1 "Ci";
    .port_info 3 /OUTPUT 1 "Cout";
    .port_info 4 /OUTPUT 1 "Sum";
v000001f55c8018e0_0 .net "A", 0 0, L_000001f55c86b720;  1 drivers
v000001f55c868e80_0 .net "B", 0 0, L_000001f55c86bd60;  1 drivers
v000001f55c869560_0 .net "Ci", 0 0, L_000001f55c8683e0;  alias, 1 drivers
v000001f55c869f60_0 .net "Cout", 0 0, L_000001f55c86ba40;  alias, 1 drivers
v000001f55c868fc0_0 .net "Sum", 0 0, L_000001f55c868980;  1 drivers
v000001f55c869ba0_0 .var "result", 1 0;
E_000001f55c811330 .event anyedge, v000001f55c8018e0_0, v000001f55c868e80_0, v000001f55c800ee0_0;
L_000001f55c868980 .part v000001f55c869ba0_0, 0, 1;
L_000001f55c86ba40 .part v000001f55c869ba0_0, 1, 1;
S_000001f55c808980 .scope module, "s3" "sum1b" 4 18, 5 1 0, S_000001f55c806910;
 .timescale 0 0;
    .port_info 0 /INPUT 1 "A";
    .port_info 1 /INPUT 1 "B";
    .port_info 2 /INPUT 1 "Ci";
    .port_info 3 /OUTPUT 1 "Cout";
    .port_info 4 /OUTPUT 1 "Sum";
v000001f55c8680c0_0 .net "A", 0 0, L_000001f55c86b0e0;  1 drivers
v000001f55c868a20_0 .net "B", 0 0, L_000001f55c86b5e0;  1 drivers
v000001f55c869600_0 .net "Ci", 0 0, L_000001f55c86ba40;  alias, 1 drivers
v000001f55c869d80_0 .net "Cout", 0 0, L_000001f55c86b680;  alias, 1 drivers
v000001f55c869ce0_0 .net "Sum", 0 0, L_000001f55c86c940;  1 drivers
v000001f55c868160_0 .var "result", 1 0;
E_000001f55c811630 .event anyedge, v000001f55c8680c0_0, v000001f55c868a20_0, v000001f55c869f60_0;
L_000001f55c86c940 .part v000001f55c868160_0, 0, 1;
L_000001f55c86b680 .part v000001f55c868160_0, 1, 1;
    .scope S_000001f55c7d29c0;
T_0 ;
    %wait E_000001f55c8116b0;
    %load/vec4 v000001f55c801200_0;
    %pad/u 2;
    %load/vec4 v000001f55c801660_0;
    %pad/u 2;
    %add;
    %load/vec4 v000001f55c800d00_0;
    %pad/u 2;
    %add;
    %store/vec4 v000001f55c8012a0_0, 0, 2;
    %jmp T_0;
    .thread T_0, $push;
    .scope S_000001f55c7d2b50;
T_1 ;
    %wait E_000001f55c8119f0;
    %load/vec4 v000001f55c800bc0_0;
    %pad/u 2;
    %load/vec4 v000001f55c8017a0_0;
    %pad/u 2;
    %add;
    %load/vec4 v000001f55c801840_0;
    %pad/u 2;
    %add;
    %store/vec4 v000001f55c8010c0_0, 0, 2;
    %jmp T_1;
    .thread T_1, $push;
    .scope S_000001f55c8087f0;
T_2 ;
    %wait E_000001f55c811330;
    %load/vec4 v000001f55c8018e0_0;
    %pad/u 2;
    %load/vec4 v000001f55c868e80_0;
    %pad/u 2;
    %add;
    %load/vec4 v000001f55c869560_0;
    %pad/u 2;
    %add;
    %store/vec4 v000001f55c869ba0_0, 0, 2;
    %jmp T_2;
    .thread T_2, $push;
    .scope S_000001f55c808980;
T_3 ;
    %wait E_000001f55c811630;
    %load/vec4 v000001f55c8680c0_0;
    %pad/u 2;
    %load/vec4 v000001f55c868a20_0;
    %pad/u 2;
    %add;
    %load/vec4 v000001f55c869600_0;
    %pad/u 2;
    %add;
    %store/vec4 v000001f55c868160_0, 0, 2;
    %jmp T_3;
    .thread T_3, $push;
    .scope S_000001f55c8043d0;
T_4 ;
    %pushi/vec4 1, 0, 1;
    %store/vec4 v000001f55c869ec0_0, 0, 1;
    %pushi/vec4 0, 0, 4;
    %store/vec4 v000001f55c869e20_0, 0, 4;
    %pushi/vec4 0, 0, 4;
    %store/vec4 v000001f55c869b00_0, 0, 4;
T_4.0 ;
    %load/vec4 v000001f55c869b00_0;
    %pad/u 32;
    %cmpi/u 15, 0, 32;
    %jmp/0xz T_4.1, 5;
    %load/vec4 v000001f55c869b00_0;
    %pad/u 32;
    %cmpi/e 0, 0, 32;
    %jmp/0xz  T_4.2, 4;
    %load/vec4 v000001f55c869e20_0;
    %addi 1, 0, 4;
    %store/vec4 v000001f55c869e20_0, 0, 4;
T_4.2 ;
    %delay 5, 0;
    %vpi_call 2 28 "$display", "el valor de %d - %d = %d", v000001f55c869e20_0, v000001f55c869b00_0, v000001f55c8682a0_0 {0 0 0};
    %load/vec4 v000001f55c869b00_0;
    %addi 1, 0, 4;
    %store/vec4 v000001f55c869b00_0, 0, 4;
    %jmp T_4.0;
T_4.1 ;
    %vpi_call 2 30 "$finish" {0 0 0};
    %end;
    .thread T_4;
    .scope S_000001f55c8043d0;
T_5 ;
    %fork t_1, S_000001f55c98bd70;
    %jmp t_0;
    .scope S_000001f55c98bd70;
t_1 ;
    %vpi_call 2 34 "$dumpfile", "rest4b_tb.vcd" {0 0 0};
    %vpi_call 2 35 "$dumpvars", 32'sb11111111111111111111111111111111, S_000001f55c806780 {0 0 0};
    %end;
    .scope S_000001f55c8043d0;
t_0 %join;
    %end;
    .thread T_5;
# The file index is used to find the file name in the following table.
:file_names 6;
    "N/A";
    "<interactive>";
    "rest4b_tb.v";
    "./rest4b.v";
    "./sum4b.v";
    "./sum1b.v";
